442999303
1986506983
2049310831
1082323087
1074543519
1235183639
739599895
2102030207
931618847
268790999
408368359
1149366559
1816601647
1366250247
882801975
1051692311
2075592903
898512039
815682791
772343039
190715767
1311305591
2132700175
1303261415
2115516391
1919864815
475356143
1099950671
299504775
539368655
813973479
1614111527
1658224591
1900374119
1830078743
2129093495
2133619031
1558840207
319979975
1377500391
1944478567
1677788359
102385295
984988935
223756727
870852007
1394810071
728364135
1152054271
2140134095
1390673143
556288271
1422528679
512660535
989635679
324381271
173360111
646825079
1839902015
468050255
332764255
1167993511
136581663
69487535
775915695
2138794015
892583935
1992545087
1612637223
933968663
2003240207
2086873351
1499938543
447994807
33109519
1463135647
1889512535
408218127
1483458575
211914039
907156687
42334959
1393309519
1736721591
1889460919
1191283335
1045128079
1062084999
93917127
1612977031
370139783
771290879
1269603367
1790688311
2083223591
1314015495
633828287
160903327
2038387655
